Arguments: 
  C:\Program Files\nodejs\node.exe C:\Users\andres\AppData\Roaming\npm\node_modules\yarn\bin\yarn.js add lerna --dev

PATH: 
  C:\Program Files (x86)\Common Files\Intel\Shared Libraries\redist\intel64\compiler;C:\Program Files (x86)\Common Files\Oracle\Java\javapath;C:\Users\andres\AppData\Local\Programs\Python\Python39\Scripts\;C:\Users\andres\AppData\Local\Programs\Python\Python39\;C:\Python39\Scripts\;C:\Python39\;C:\Windows\system32;C:\Windows;C:\Windows\System32\Wbem;C:\Windows\System32\WindowsPowerShell\v1.0\;C:\Windows\System32\OpenSSH\;C:\Program Files\nodejs\;C:\ProgramData\chocolatey\bin;C:\Users\andres\AppData\Local\Microsoft\WindowsApps;C:\Users\andres\AppData\Local\Programs\Microsoft VS Code\bin;C:\Users\andres\AppData\Roaming\npm;C:\Users\andres\AppData\Local\Programs\Git\cmd;C:\Users\andres\AppData\Local\Programs\Fiddler

Yarn version: 
  1.22.10

Node version: 
  14.15.4

Platform: 
  win32 x64

Trace: 
  Error: https://registry.yarnpkg.com/energy-efficiency-rating-css: Not found
      at Request.params.callback [as _callback] (C:\Users\andres\AppData\Roaming\npm\node_modules\yarn\lib\cli.js:66988:18)
      at Request.self.callback (C:\Users\andres\AppData\Roaming\npm\node_modules\yarn\lib\cli.js:140662:22)
      at Request.emit (events.js:315:20)
      at Request.<anonymous> (C:\Users\andres\AppData\Roaming\npm\node_modules\yarn\lib\cli.js:141634:10)
      at Request.emit (events.js:315:20)
      at IncomingMessage.<anonymous> (C:\Users\andres\AppData\Roaming\npm\node_modules\yarn\lib\cli.js:141556:12)
      at Object.onceWrapper (events.js:421:28)
      at IncomingMessage.emit (events.js:327:22)
      at endReadableNT (internal/streams/readable.js:1327:12)
      at processTicksAndRejections (internal/process/task_queues.js:80:21)

npm manifest: 
  {
    "name": "energy-efficiency-rating",
    "version": "1.0.0",
    "description": "A Energy Efficiency Rating visualization using CSS",
    "main": "index.js",
    "dependencies": {
      "JSONStream": "^1.3.5",
      "abbrev": "^1.1.1",
      "accepts": "^1.3.7",
      "add-stream": "^1.0.0",
      "acorn": "^8.1.0",
      "agent-base": "^6.0.2",
      "agentkeepalive": "^4.1.4",
      "aggregate-error": "^3.1.0",
      "ajv": "^6.12.6",
      "ajv-errors": "^1.0.1",
      "ajv-keywords": "^3.5.2",
      "ansi-colors": "^3.2.4",
      "ansi-escapes": "^4.3.1",
      "ansi-html": "^0.0.7",
      "ansi-regex": "^2.1.1",
      "ansi-styles": "^3.2.1",
      "anymatch": "^2.0.0",
      "aproba": "^1.2.0",
      "are-we-there-yet": "^1.1.5",
      "arr-diff": "^4.0.0",
      "arr-flatten": "^1.1.0",
      "arr-union": "^3.1.0",
      "array-differ": "^3.0.0",
      "array-find-index": "^1.0.2",
      "array-flatten": "^1.1.1",
      "array-ify": "^1.0.0",
      "array-union": "^2.1.0",
      "array-uniq": "^1.0.3",
      "array-unique": "^0.3.2",
      "arrify": "^1.0.1",
      "asap": "^2.0.6",
      "asn1": "^0.2.4",
      "assert-plus": "^1.0.0",
      "assign-symbols": "^1.0.0",
      "async-each": "^1.0.3",
      "async": "^0.2.10",
      "async-limiter": "^1.0.1",
      "asynckit": "^0.4.0",
      "at-least-node": "^1.0.0",
      "atob": "^2.1.2",
      "aws-sign2": "^0.7.0",
      "aws4": "^1.11.0",
      "balanced-match": "^1.0.0",
      "base": "^0.11.2",
      "batch": "^0.6.1",
      "bcrypt-pbkdf": "^1.0.2",
      "before-after-hook": "^2.2.0",
      "big.js": "^5.2.2",
      "binary-extensions": "^1.13.1",
      "body-parser": "^1.19.0",
      "bonjour": "^3.5.0",
      "boolbase": "^1.0.0",
      "brace-expansion": "^1.1.11",
      "braces": "^2.3.2",
      "browserslist": "^4.16.3",
      "buffer-from": "^1.1.1",
      "buffer-indexof": "^1.1.1",
      "builtins": "^1.0.3",
      "byline": "^5.0.0",
      "byte-size": "^7.0.1",
      "bytes": "^3.1.0",
      "cacache": "^15.0.5",
      "cache-base": "^1.0.1",
      "call-bind": "^1.0.2",
      "callsites": "^3.1.0",
      "camel-case": "^4.1.2",
      "camelcase": "^5.3.1",
      "camelcase-keys": "^6.2.2",
      "caniuse-lite": "^1.0.30001203",
      "caseless": "^0.12.0",
      "chalk": "^4.1.0",
      "chardet": "^0.7.0",
      "chokidar": "^2.1.8",
      "chownr": "^2.0.0",
      "chrome-trace-event": "^1.0.2",
      "ci-info": "^2.0.0",
      "class-utils": "^0.3.6",
      "clean-css": "^4.2.3",
      "clean-stack": "^2.2.0",
      "clean-webpack-plugin": "^3.0.0",
      "cli-cursor": "^3.1.0",
      "cli-width": "^3.0.0",
      "cliui": "^5.0.0",
      "clone": "^1.0.4",
      "clone-deep": "^4.0.1",
      "cmd-shim": "^4.1.0",
      "code-point-at": "^1.1.0",
      "collection-visit": "^1.0.0",
      "color-convert": "^1.9.3",
      "color-name": "^1.1.3",
      "colorette": "^1.2.2",
      "columnify": "^1.5.4",
      "combined-stream": "^1.0.8",
      "compare-func": "^2.0.0",
      "commander": "^2.20.3",
      "component-emitter": "^1.3.0",
      "compressible": "^2.0.18",
      "compression": "^1.7.4",
      "concat-map": "^0.0.1",
      "concat-stream": "^2.0.0",
      "config-chain": "^1.1.12",
      "connect-history-api-fallback": "^1.6.0",
      "console-control-strings": "^1.1.0",
      "content-disposition": "^0.5.3",
      "content-type": "^1.0.4",
      "conventional-changelog-angular": "^5.0.12",
      "conventional-changelog-core": "^4.2.2",
      "conventional-changelog-preset-loader": "^2.3.4",
      "conventional-changelog-writer": "^4.1.0",
      "conventional-commits-filter": "^2.0.7",
      "conventional-commits-parser": "^3.2.1",
      "conventional-recommended-bump": "^6.1.0",
      "cookie": "^0.4.0",
      "cookie-signature": "^1.0.6",
      "copy-descriptor": "^0.1.1",
      "core-util-is": "^1.0.2",
      "cosmiconfig": "^7.0.0",
      "cross-spawn": "^7.0.3",
      "css-loader": "^5.1.3",
      "css-select": "^2.1.0",
      "css-what": "^3.4.2",
      "cssesc": "^3.0.0",
      "currently-unhandled": "^0.4.1",
      "dargs": "^7.0.0",
      "dashdash": "^1.14.1",
      "dateformat": "^3.0.3",
      "debug": "^2.6.9",
      "debuglog": "^1.0.1",
      "decamelize": "^1.2.0",
      "decamelize-keys": "^1.1.0",
      "decode-uri-component": "^0.2.0",
      "dedent": "^0.7.0",
      "deep-equal": "^1.1.1",
      "default-gateway": "^4.2.0",
      "defaults": "^1.0.3",
      "define-properties": "^1.1.3",
      "define-property": "^0.2.5",
      "del": "^4.1.1",
      "delayed-stream": "^1.0.0",
      "delegates": "^1.0.0",
      "depd": "^1.1.2",
      "deprecation": "^2.3.1",
      "destroy": "^1.0.4",
      "detect-indent": "^6.0.0",
      "detect-node": "^2.0.5",
      "dezalgo": "^1.0.3",
      "dir-glob": "^3.0.1",
      "dns-equal": "^1.0.0",
      "dns-packet": "^1.3.1",
      "dns-txt": "^2.0.2",
      "dom-converter": "^0.2.0",
      "dom-serializer": "^0.2.2",
      "domelementtype": "^1.3.1",
      "domhandler": "^2.4.2",
      "domutils": "^1.7.0",
      "dot-case": "^3.0.4",
      "dot-prop": "^6.0.1",
      "duplexer": "^0.1.2",
      "ecc-jsbn": "^0.1.2",
      "ee-first": "^1.1.1",
      "electron-to-chromium": "^1.3.693",
      "emoji-regex": "^8.0.0",
      "emojis-list": "^3.0.0",
      "encodeurl": "^1.0.2",
      "encoding": "^0.1.13",
      "end-of-stream": "^1.4.4",
      "energy-efficiency-rating-css": "^1.0.0",
      "enhanced-resolve": "^5.7.0",
      "enquirer": "^2.3.6",
      "entities": "^1.1.2",
      "env-paths": "^2.2.1",
      "err-code": "^2.0.3",
      "errno": "^0.1.8",
      "envinfo": "^7.7.4",
      "es-abstract": "^1.18.0",
      "error-ex": "^1.3.2",
      "es-module-lexer": "^0.4.1",
      "es-to-primitive": "^1.2.1",
      "escalade": "^3.1.1",
      "escape-html": "^1.0.3",
      "escape-string-regexp": "^1.0.5",
      "eslint-scope": "^5.1.1",
      "esrecurse": "^4.3.0",
      "estraverse": "^4.3.0",
      "etag": "^1.8.1",
      "events": "^3.3.0",
      "eventemitter3": "^4.0.7",
      "eventsource": "^1.1.0",
      "execa": "^5.0.0",
      "expand-brackets": "^2.1.4",
      "express": "^4.17.1",
      "extend": "^3.0.2",
      "extend-shallow": "^2.0.1",
      "external-editor": "^3.1.0",
      "extglob": "^2.0.4",
      "extsprintf": "^1.3.0",
      "fast-deep-equal": "^3.1.3",
      "fast-glob": "^3.2.5",
      "fast-json-stable-stringify": "^2.1.0",
      "fastest-levenshtein": "^1.0.12",
      "fastparse": "^1.1.2",
      "fastq": "^1.11.0",
      "faye-websocket": "^0.11.3",
      "figures": "^3.2.0",
      "fill-range": "^4.0.0",
      "filter-obj": "^1.1.0",
      "finalhandler": "^1.1.2",
      "find-up": "^3.0.0",
      "follow-redirects": "^1.13.3",
      "for-in": "^1.0.2",
      "forever-agent": "^0.6.1",
      "form-data": "^2.3.3",
      "forwarded": "^0.1.2",
      "fragment-cache": "^0.2.1",
      "fresh": "^0.5.2",
      "fs-extra": "^9.1.0",
      "fs-minipass": "^2.1.0",
      "fs.realpath": "^1.0.0",
      "function-bind": "^1.1.1",
      "gauge": "^2.7.4",
      "get-caller-file": "^2.0.5",
      "get-intrinsic": "^1.1.1",
      "get-pkg-repo": "^1.4.0",
      "get-port": "^5.1.1",
      "get-stdin": "^4.0.1",
      "get-stream": "^6.0.0",
      "get-value": "^2.0.6",
      "getpass": "^0.1.7",
      "git-raw-commits": "^2.0.10",
      "git-remote-origin-url": "^2.0.0",
      "git-semver-tags": "^4.1.1",
      "git-up": "^4.0.2",
      "git-url-parse": "^11.4.4",
      "gitconfiglocal": "^1.0.0",
      "glob": "^7.1.6",
      "glob-parent": "^5.1.2",
      "glob-to-regexp": "^0.4.1",
      "globby": "^11.0.2",
      "graceful-fs": "^4.2.6",
      "handle-thing": "^2.0.1",
      "handlebars": "^4.7.7",
      "handlebars-loader": "^1.7.1",
      "har-schema": "^2.0.0",
      "har-validator": "^5.1.5",
      "hard-rejection": "^2.1.0",
      "has": "^1.0.3",
      "has-bigints": "^1.0.1",
      "has-flag": "^3.0.0",
      "has-symbols": "^1.0.2",
      "has-unicode": "^2.0.1",
      "has-value": "^1.0.0",
      "has-values": "^1.0.0",
      "he": "^1.2.0",
      "hosted-git-info": "^2.8.8",
      "hpack.js": "^2.1.6",
      "html-entities": "^1.4.0",
      "html-minifier-terser": "^5.1.1",
      "html-webpack-plugin": "^5.3.1",
      "htmlparser2": "^3.10.1",
      "http-cache-semantics": "^4.1.0",
      "http-deceiver": "^1.2.7",
      "http-errors": "^1.7.2",
      "http-parser-js": "^0.5.3",
      "http-proxy": "^1.18.1",
      "http-proxy-agent": "^4.0.1",
      "http-proxy-middleware": "^0.19.1",
      "http-signature": "^1.2.0",
      "https-proxy-agent": "^5.0.0",
      "human-signals": "^2.1.0",
      "humanize-ms": "^1.2.1",
      "iconv-lite": "^0.4.24",
      "icss-utils": "^5.1.0",
      "ignore": "^5.1.8",
      "ignore-walk": "^3.0.3",
      "import-fresh": "^3.3.0",
      "import-local": "^3.0.2",
      "imurmurhash": "^0.1.4",
      "indent-string": "^4.0.0",
      "indexes-of": "^1.0.1",
      "infer-owner": "^1.0.4",
      "inflight": "^1.0.6",
      "inherits": "^2.0.4",
      "ini": "^1.3.8",
      "init-package-json": "^2.0.2",
      "inquirer": "^7.3.3",
      "internal-ip": "^4.3.0",
      "interpret": "^2.2.0",
      "ip": "^1.1.5",
      "ip-regex": "^2.1.0",
      "ipaddr.js": "^1.9.1",
      "is-absolute-url": "^3.0.3",
      "is-accessor-descriptor": "^1.0.0",
      "is-arguments": "^1.1.0",
      "is-arrayish": "^0.2.1",
      "is-bigint": "^1.0.1",
      "is-binary-path": "^1.0.1",
      "is-boolean-object": "^1.1.0",
      "is-buffer": "^1.1.6",
      "is-callable": "^1.2.3",
      "is-ci": "^2.0.0",
      "is-core-module": "^2.2.0",
      "is-data-descriptor": "^1.0.0",
      "is-date-object": "^1.0.2",
      "is-descriptor": "^1.0.2",
      "is-extendable": "^0.1.1",
      "is-extglob": "^2.1.1",
      "is-finite": "^1.1.0",
      "is-fullwidth-code-point": "^2.0.0",
      "is-glob": "^4.0.1",
      "is-lambda": "^1.0.1",
      "is-negative-zero": "^2.0.1",
      "is-number": "^3.0.0",
      "is-number-object": "^1.0.4",
      "is-obj": "^2.0.0",
      "is-path-cwd": "^2.2.0",
      "is-path-in-cwd": "^2.1.0",
      "is-path-inside": "^2.1.0",
      "is-plain-obj": "^1.1.0",
      "is-plain-object": "^2.0.4",
      "is-regex": "^1.1.2",
      "is-ssh": "^1.3.2",
      "is-stream": "^2.0.0",
      "is-string": "^1.0.5",
      "is-symbol": "^1.0.3",
      "is-text-path": "^1.0.1",
      "is-typedarray": "^1.0.0",
      "is-utf8": "^0.2.1",
      "is-wsl": "^1.1.0",
      "isexe": "^2.0.0",
      "isarray": "^1.0.0",
      "is-windows": "^1.0.2",
      "isobject": "^3.0.1",
      "isstream": "^0.1.2",
      "jest-worker": "^26.6.2",
      "js-tokens": "^4.0.0",
      "jsbn": "^0.1.1",
      "json-parse-better-errors": "^1.0.2",
      "json-parse-even-better-errors": "^2.3.1",
      "json-schema": "^0.2.3",
      "json-schema-traverse": "^0.4.1",
      "json-stringify-safe": "^5.0.1",
      "json3": "^3.3.3",
      "json5": "^2.2.0",
      "jsonfile": "^6.1.0",
      "jsonparse": "^1.3.1",
      "jsprim": "^1.4.1",
      "killable": "^1.0.1",
      "kind-of": "^6.0.3",
      "lerna": "^4.0.0",
      "libnpmaccess": "^4.0.1",
      "libnpmpublish": "^4.0.0",
      "lines-and-columns": "^1.1.6",
      "load-json-file": "^6.2.0",
      "loader-runner": "^4.2.0",
      "loader-utils": "^2.0.0",
      "locate-path": "^3.0.0",
      "lodash": "^4.17.21",
      "lodash._reinterpolate": "^3.0.0",
      "lodash.ismatch": "^4.4.0",
      "lodash.sortby": "^4.7.0",
      "lodash.template": "^4.5.0",
      "lodash.templatesettings": "^4.2.0",
      "loglevel": "^1.7.1",
      "loud-rejection": "^1.6.0",
      "lower-case": "^2.0.2",
      "lru-cache": "^6.0.0",
      "make-dir": "^3.1.0",
      "make-fetch-happen": "^8.0.14",
      "map-cache": "^0.2.2",
      "map-obj": "^1.0.1",
      "map-visit": "^1.0.0",
      "media-typer": "^0.3.0",
      "memory-fs": "^0.4.1",
      "meow": "^8.1.2",
      "merge-descriptors": "^1.0.1",
      "merge-stream": "^2.0.0",
      "merge2": "^1.4.1",
      "methods": "^1.1.2",
      "micromatch": "^3.1.10",
      "mime": "^2.5.2",
      "mime-db": "^1.46.0",
      "mime-types": "^2.1.29",
      "mimic-fn": "^2.1.0",
      "min-indent": "^1.0.1",
      "minimalistic-assert": "^1.0.1",
      "minimatch": "^3.0.4",
      "minimist": "^1.2.5",
      "minimist-options": "^4.1.0",
      "minipass": "^3.1.3",
      "minipass-collect": "^1.0.2",
      "minipass-fetch": "^1.3.3",
      "minipass-flush": "^1.0.5",
      "minipass-json-stream": "^1.0.1",
      "minipass-pipeline": "^1.2.4",
      "minipass-sized": "^1.0.3",
      "minizlib": "^2.1.2",
      "mixin-deep": "^1.3.2",
      "mkdirp": "^1.0.4",
      "mkdirp-infer-owner": "^2.0.0",
      "modify-values": "^1.0.1",
      "ms": "^2.1.3",
      "multicast-dns": "^6.2.3",
      "multicast-dns-service-types": "^1.1.0",
      "multimatch": "^5.0.0",
      "mute-stream": "^0.0.8",
      "nanoid": "^3.1.22",
      "nanomatch": "^1.2.13",
      "negotiator": "^0.6.2",
      "neo-async": "^2.6.2",
      "nice-try": "^1.0.5",
      "no-case": "^3.0.4",
      "node-fetch": "^2.6.1",
      "node-forge": "^0.10.0",
      "node-gyp": "^5.1.1",
      "node-releases": "^1.1.71",
      "nopt": "^4.0.3",
      "normalize-package-data": "^2.5.0",
      "normalize-path": "^3.0.0",
      "normalize-url": "^3.3.0",
      "npm-bundled": "^1.1.1",
      "npm-install-checks": "^4.0.0",
      "npm-lifecycle": "^3.1.5",
      "npm-normalize-package-bin": "^1.0.1",
      "npm-package-arg": "^8.1.2",
      "npm-packlist": "^2.1.4",
      "npm-pick-manifest": "^6.1.1",
      "npm-registry-fetch": "^9.0.0",
      "npm-run-path": "^4.0.1",
      "npmlog": "^4.1.2",
      "nth-check": "^1.0.2",
      "number-is-nan": "^1.0.1",
      "oauth-sign": "^0.9.0",
      "object-assign": "^4.1.1",
      "object-copy": "^0.1.0",
      "object-inspect": "^1.9.0",
      "object-is": "^1.1.5",
      "object-keys": "^1.1.1",
      "object-visit": "^1.0.1",
      "object.getownpropertydescriptors": "^2.1.2",
      "object.assign": "^4.1.2",
      "object.pick": "^1.3.0",
      "obuf": "^1.1.2",
      "on-finished": "^2.3.0",
      "on-headers": "^1.0.2",
      "once": "^1.4.0",
      "onetime": "^5.1.2",
      "opn": "^5.5.0",
      "original": "^1.0.2",
      "os-homedir": "^1.0.2",
      "os-tmpdir": "^1.0.2",
      "osenv": "^0.1.5",
      "p-finally": "^1.0.0",
      "p-limit": "^2.3.0",
      "p-locate": "^3.0.0",
      "p-map": "^4.0.0",
      "p-map-series": "^2.1.0",
      "p-pipe": "^3.1.0",
      "p-queue": "^6.6.2",
      "p-reduce": "^2.1.0",
      "p-retry": "^3.0.1",
      "p-timeout": "^3.2.0",
      "p-try": "^2.2.0",
      "p-waterfall": "^2.1.1",
      "pacote": "^11.3.0",
      "param-case": "^3.0.4",
      "parent-module": "^1.0.1",
      "parse-github-repo-url": "^1.4.1",
      "parse-json": "^5.2.0",
      "parse-path": "^4.0.3",
      "parse-url": "^5.0.2",
      "parseurl": "^1.3.3",
      "pascal-case": "^3.1.2",
      "pascalcase": "^0.1.1",
      "path-dirname": "^1.0.2",
      "path-exists": "^3.0.0",
      "path-is-absolute": "^1.0.1",
      "path-is-inside": "^1.0.2",
      "path-key": "^2.0.1",
      "path-parse": "^1.0.6",
      "path-to-regexp": "^0.1.7",
      "path-type": "^4.0.0",
      "performance-now": "^2.1.0",
      "picomatch": "^2.2.2",
      "pify": "^2.3.0",
      "pinkie": "^2.0.4",
      "pinkie-promise": "^2.0.1",
      "pkg-dir": "^4.2.0",
      "portfinder": "^1.0.28",
      "posix-character-classes": "^0.1.1",
      "postcss": "^8.2.8",
      "postcss-modules-extract-imports": "^3.0.0",
      "postcss-modules-local-by-default": "^4.0.0",
      "postcss-modules-scope": "^3.0.0",
      "postcss-modules-values": "^4.0.0",
      "postcss-selector-parser": "^6.0.4",
      "postcss-value-parser": "^4.1.0",
      "pretty-error": "^2.1.2",
      "process-nextick-args": "^2.0.1",
      "promise-inflight": "^1.0.1",
      "promise-retry": "^2.0.1",
      "promzard": "^0.3.0",
      "proto-list": "^1.2.4",
      "protocols": "^1.4.8",
      "proxy-addr": "^2.0.6",
      "prr": "^1.0.1",
      "psl": "^1.8.0",
      "pump": "^3.0.0",
      "punycode": "^2.1.1",
      "q": "^1.5.1",
      "qs": "^6.7.0",
      "query-string": "^6.14.1",
      "querystring": "^0.2.0",
      "querystringify": "^2.2.0",
      "queue-microtask": "^1.2.2",
      "quick-lru": "^4.0.1",
      "randombytes": "^2.1.0",
      "range-parser": "^1.2.1",
      "raw-body": "^2.4.0",
      "read": "^1.0.7",
      "read-cmd-shim": "^2.0.0",
      "read-package-json": "^3.0.1",
      "read-package-json-fast": "^2.0.2",
      "read-package-tree": "^5.3.1",
      "read-pkg": "^3.0.0",
      "read-pkg-up": "^7.0.1",
      "readable-stream": "^2.3.7",
      "readdir-scoped-modules": "^1.1.0",
      "readdirp": "^2.2.1",
      "rechoir": "^0.7.0",
      "redent": "^3.0.0",
      "regex-not": "^1.0.2",
      "regexp.prototype.flags": "^1.3.1",
      "relateurl": "^0.2.7",
      "remove-trailing-separator": "^1.1.0",
      "renderkid": "^2.0.5",
      "repeat-element": "^1.1.3",
      "repeat-string": "^1.6.1",
      "repeating": "^2.0.1",
      "request": "^2.88.2",
      "require-directory": "^2.1.1",
      "require-main-filename": "^2.0.0",
      "requires-port": "^1.0.0",
      "resolve": "^1.20.0",
      "resolve-cwd": "^3.0.0",
      "resolve-from": "^4.0.0",
      "resolve-url": "^0.2.1",
      "restore-cursor": "^3.1.0",
      "ret": "^0.1.15",
      "retry": "^0.12.0",
      "reusify": "^1.0.4",
      "rimraf": "^3.0.2",
      "run-async": "^2.4.1",
      "run-parallel": "^1.2.0",
      "rxjs": "^6.6.6",
      "safe-buffer": "^5.2.1",
      "safe-regex": "^1.1.0",
      "safer-buffer": "^2.1.2",
      "schema-utils": "^3.0.0",
      "select-hose": "^2.0.0",
      "selfsigned": "^1.10.8",
      "semver": "^7.3.4",
      "send": "^0.17.1",
      "serialize-javascript": "^5.0.1",
      "serve-index": "^1.9.1",
      "serve-static": "^1.14.1",
      "set-blocking": "^2.0.0",
      "set-value": "^2.0.1",
      "setprototypeof": "^1.1.1",
      "shallow-clone": "^3.0.1",
      "shebang-command": "^2.0.0",
      "shebang-regex": "^3.0.0",
      "shelljs": "^0.8.4",
      "side-channel": "^1.0.4",
      "signal-exit": "^3.0.3",
      "slash": "^3.0.0",
      "slide": "^1.1.6",
      "smart-buffer": "^4.1.0",
      "snapdragon": "^0.8.2",
      "snapdragon-node": "^2.1.1",
      "snapdragon-util": "^3.0.1",
      "sockjs": "^0.3.21",
      "sockjs-client": "^1.5.0",
      "socks": "^2.6.0",
      "socks-proxy-agent": "^5.0.0",
      "sort-keys": "^2.0.0",
      "source-list-map": "^2.0.1",
      "source-map": "^0.6.1",
      "source-map-resolve": "^0.5.3",
      "source-map-support": "^0.5.19",
      "source-map-url": "^0.4.1",
      "spdx-correct": "^3.1.1",
      "spdx-exceptions": "^2.3.0",
      "spdx-expression-parse": "^3.0.1",
      "spdx-license-ids": "^3.0.7",
      "spdy": "^4.0.2",
      "spdy-transport": "^3.0.0",
      "split": "^1.0.1",
      "split-on-first": "^1.1.0",
      "split-string": "^3.1.0",
      "split2": "^3.2.2",
      "sshpk": "^1.16.1",
      "ssri": "^8.0.1",
      "static-extend": "^0.1.2",
      "statuses": "^1.5.0",
      "strict-uri-encode": "^2.0.0",
      "string-width": "^4.2.2",
      "string.prototype.trimend": "^1.0.4",
      "string.prototype.trimstart": "^1.0.4",
      "string_decoder": "^1.1.1",
      "strip-ansi": "^3.0.1",
      "strip-bom": "^4.0.0",
      "strip-eof": "^1.0.0",
      "strip-final-newline": "^2.0.0",
      "strip-indent": "^3.0.0",
      "strong-log-transformer": "^2.1.0",
      "style-loader": "^2.0.0",
      "supports-color": "^7.2.0",
      "tapable": "^2.2.0",
      "tar": "^6.1.0",
      "temp-dir": "^1.0.0",
      "temp-write": "^4.0.0",
      "terser": "^4.8.0",
      "terser-webpack-plugin": "^5.1.1",
      "text-extensions": "^1.9.0",
      "through": "^2.3.8",
      "through2": "^4.0.2",
      "thunky": "^1.1.0",
      "tmp": "^0.0.33",
      "to-object-path": "^0.3.0",
      "to-regex": "^3.0.2",
      "to-regex-range": "^2.1.1",
      "toidentifier": "^1.0.0",
      "tough-cookie": "^2.5.0",
      "tr46": "^2.0.2",
      "trim-newlines": "^3.0.0",
      "trim-off-newlines": "^1.0.1",
      "tslib": "^2.1.0",
      "tunnel-agent": "^0.6.0",
      "tweetnacl": "^0.14.5",
      "type-fest": "^0.6.0",
      "type-is": "^1.6.18",
      "typedarray": "^0.0.6",
      "typedarray-to-buffer": "^3.1.5",
      "uglify-js": "^3.13.1",
      "uid-number": "^0.0.6",
      "umask": "^1.1.0",
      "unbox-primitive": "^1.0.0",
      "union-value": "^1.0.1",
      "uniq": "^1.0.1",
      "unique-filename": "^1.1.1",
      "unique-slug": "^2.0.2",
      "universal-user-agent": "^6.0.0",
      "universalify": "^2.0.0",
      "unpipe": "^1.0.0",
      "unset-value": "^1.0.0",
      "upath": "^1.2.0",
      "uri-js": "^4.4.1",
      "urix": "^0.1.0",
      "url": "^0.11.0",
      "url-parse": "^1.5.1",
      "use": "^3.1.1",
      "util-deprecate": "^1.0.2",
      "util-promisify": "^2.1.0",
      "utila": "^0.4.0",
      "utils-merge": "^1.0.1",
      "uuid": "^3.4.0",
      "v8-compile-cache": "^2.3.0",
      "validate-npm-package-license": "^3.0.4",
      "validate-npm-package-name": "^3.0.0",
      "vary": "^1.1.2",
      "verror": "^1.10.0",
      "watchpack": "^2.1.1",
      "wbuf": "^1.7.3",
      "wcwidth": "^1.0.1",
      "webidl-conversions": "^6.1.0",
      "webpack": "^5.27.1",
      "webpack-cli": "^4.5.0",
      "webpack-dev-middleware": "^3.7.3",
      "webpack-dev-server": "^3.11.2",
      "webpack-log": "^2.0.0",
      "webpack-merge": "^5.7.3",
      "webpack-sources": "^2.2.0",
      "websocket-driver": "^0.7.4",
      "websocket-extensions": "^0.1.4",
      "whatwg-url": "^8.4.0",
      "which": "^1.3.1",
      "which-boxed-primitive": "^1.0.2",
      "which-module": "^2.0.0",
      "wide-align": "^1.1.3",
      "wildcard": "^2.0.0",
      "wordwrap": "^1.0.0",
      "wrap-ansi": "^5.1.0",
      "wrappy": "^1.0.2",
      "write-file-atomic": "^3.0.3",
      "write-json-file": "^4.3.0",
      "write-pkg": "^4.0.0",
      "ws": "^6.2.1",
      "xtend": "^4.0.2",
      "y18n": "^4.0.1",
      "yallist": "^4.0.0",
      "yaml": "^1.10.2",
      "yargs": "^13.3.2",
      "yargs-parser": "^20.2.7",
      "yarn": "^1.22.10",
      "yocto-queue": "^0.1.0"
    },
    "devDependencies": {},
    "scripts": {
      "test": "echo \"Error: no test specified\" && exit 1"
    },
    "repository": {
      "type": "git",
      "url": "git+https://github.com/ndresgarc/energy-efficiency-rating.git"
    },
    "keywords": [],
    "author": "",
    "license": "ISC",
    "bugs": {
      "url": "https://github.com/ndresgarc/energy-efficiency-rating/issues"
    },
    "homepage": "https://github.com/ndresgarc/energy-efficiency-rating#readme"
  }

yarn manifest: 
  No manifest

Lockfile: 
  No lockfile
